<?xml version="1.0" encoding="UTF-8"?>
<!-- Generated by org.testng.reporters.JUnitXMLReporter -->
<testsuite hostname="dxpc023" ignored="1" name="Choose plans" tests="1" failures="0" timestamp="2020-03-05T13:45:52 IST" time="13.182" errors="0">
  <testcase name="choosePlans" time="13.18" classname="io.hippovideo.recording.tests.HomePageTests"/>
  <testcase name="signUp" time="0.0" classname="io.hippovideo.recording.tests.HomePageTests">
    <ignored/>
  </testcase> <!-- signUp -->
</testsuite> <!-- Choose plans -->
