<?xml version="1.0" encoding="UTF-8"?>
<!-- Generated by org.testng.reporters.JUnitXMLReporter -->
<testsuite hostname="dxpc023" ignored="1" name="Signup in hippovideo" tests="1" failures="0" timestamp="2020-03-05T13:45:39 IST" time="2.578" errors="0">
  <testcase name="signUp" time="2.536" classname="io.hippovideo.recording.tests.HomePageTests"/>
  <testcase name="choosePlans" time="0.0" classname="io.hippovideo.recording.tests.HomePageTests">
    <ignored/>
  </testcase> <!-- choosePlans -->
</testsuite> <!-- Signup in hippovideo -->
