<?xml version="1.0" encoding="UTF-8"?>
<testng-results skipped="0" failed="0" ignored="0" total="1" passed="1">
  <reporter-output>
  </reporter-output>
  <suite name="Suite" duration-ms="13823" started-at="2020-03-05T14:02:10 IST" finished-at="2020-03-05T14:02:24 IST">
    <groups>
    </groups>
    <test name="Signup in hippovideo and choose plans" duration-ms="13823" started-at="2020-03-05T14:02:10 IST" finished-at="2020-03-05T14:02:24 IST">
      <class name="io.hippovideo.recording.tests.HomePageTests">
        <test-method status="PASS" signature="choosePlans()[pri:0, instance:io.hippovideo.recording.tests.HomePageTests@4d1bf319]" name="choosePlans" duration-ms="13776" started-at="2020-03-05T14:02:10 IST" finished-at="2020-03-05T14:02:24 IST">
          <reporter-output>
          </reporter-output>
        </test-method> <!-- choosePlans -->
        <test-method status="PASS" signature="getReport()[pri:0, instance:io.hippovideo.recording.tests.HomePageTests@4d1bf319]" name="getReport" is-config="true" duration-ms="158" started-at="2020-03-05T14:02:24 IST" finished-at="2020-03-05T14:02:24 IST">
          <reporter-output>
          </reporter-output>
        </test-method> <!-- getReport -->
      </class> <!-- io.hippovideo.recording.tests.HomePageTests -->
    </test> <!-- Signup in hippovideo and choose plans -->
  </suite> <!-- Suite -->
</testng-results>
